[INFO] 22:39:29:493 CONSOLE/(13715:13715): Logger created
[INFO] 22:39:29:493 CONSOLE/(13715:13715): IP value is: 127.0.0.1
Port value is: 8000 

[INFO] 22:41:50:941 CONSOLE/(13840:13840): IP value is: 127.0.0.1
Port value is: 8000 

[INFO] 22:41:50:941 CONSOLE/(13840:13840): Size: 6

[INFO] 22:41:50:941 CONSOLE/(13840:13840): Instructions:
[INFO] 22:42:36:666 CONSOLE/(13894:13894): IP value is: 127.0.0.1
Port value is: 8000 

[INFO] 22:42:36:666 CONSOLE/(13894:13894): Size: 6

[INFO] 22:42:36:666 CONSOLE/(13894:13894): Instructions:

[INFO] 22:43:03:428 CONSOLE/(13932:13932): IP value is: 127.0.0.1
Port value is: 8000 

[INFO] 22:43:03:428 CONSOLE/(13932:13932): Size: 6

[INFO] 22:43:03:428 CONSOLE/(13932:13932): Instructions:

[INFO] 22:43:03:428 CONSOLE/(13932:13932): COPY
[INFO] 22:43:03:428 CONSOLE/(13932:13932): READ
[INFO] 22:43:03:428 CONSOLE/(13932:13932): EXIT
[INFO] 22:44:04:345 CONSOLE/(13982:13982): IP value is: 127.0.0.1
Port value is: 8000 

[INFO] 22:44:04:345 CONSOLE/(13982:13982): Size: 6

[INFO] 22:44:04:345 CONSOLE/(13982:13982): Instructions:

[INFO] 22:44:04:345 CONSOLE/(13982:13982): COPY
[INFO] 22:44:04:345 CONSOLE/(13982:13982):  10
[INFO] 22:44:04:345 CONSOLE/(13982:13982):  11
[INFO] 22:44:04:345 CONSOLE/(13982:13982): READ
[INFO] 22:44:04:345 CONSOLE/(13982:13982):  3
[INFO] 22:44:04:345 CONSOLE/(13982:13982): EXIT
[INFO] 22:44:13:862 CONSOLE/(13998:13998): IP value is: 127.0.0.1
Port value is: 8000 

[INFO] 22:44:13:862 CONSOLE/(13998:13998): Size: 6

[INFO] 22:44:13:862 CONSOLE/(13998:13998): Instructions:

[INFO] 22:44:13:862 CONSOLE/(13998:13998): COPY
[INFO] 22:44:13:862 CONSOLE/(13998:13998):  10
[INFO] 22:44:13:862 CONSOLE/(13998:13998):  11
[INFO] 22:44:13:862 CONSOLE/(13998:13998): READ
[INFO] 22:44:13:862 CONSOLE/(13998:13998):  3
[INFO] 22:44:13:862 CONSOLE/(13998:13998): EXIT
[INFO] 22:44:33:819 CONSOLE/(14010:14010): IP value is: 127.0.0.1
Port value is: 8000 

[INFO] 22:44:33:819 CONSOLE/(14010:14010): Size: 6

[INFO] 22:44:33:819 CONSOLE/(14010:14010): Instructions:

[INFO] 22:44:33:819 CONSOLE/(14010:14010): COPY
[INFO] 22:44:33:819 CONSOLE/(14010:14010):  10
[INFO] 22:44:33:819 CONSOLE/(14010:14010):  11
[INFO] 22:44:33:819 CONSOLE/(14010:14010): READ
[INFO] 22:44:33:819 CONSOLE/(14010:14010):  3
[INFO] 22:44:33:819 CONSOLE/(14010:14010): EXIT
[INFO] 22:44:59:440 CONSOLE/(14030:14030): IP value is: 127.0.0.1
Port value is: 8000 

[INFO] 22:44:59:440 CONSOLE/(14030:14030): Size: 6

[INFO] 22:44:59:440 CONSOLE/(14030:14030): Instructions:

[INFO] 22:44:59:440 CONSOLE/(14030:14030): COPY
[INFO] 22:44:59:440 CONSOLE/(14030:14030):  10
[INFO] 22:44:59:440 CONSOLE/(14030:14030):  11
[INFO] 22:44:59:440 CONSOLE/(14030:14030): READ
[INFO] 22:44:59:440 CONSOLE/(14030:14030):  3
[INFO] 22:44:59:440 CONSOLE/(14030:14030): EXIT
[INFO] 22:51:18:903 CONSOLE/(14358:14358): IP value is: 127.0.0.1
Port value is: 8000 

[INFO] 22:51:18:903 CONSOLE/(14358:14358): Size: 6

[INFO] 22:51:18:903 CONSOLE/(14358:14358): Instructions:

[INFO] 22:51:18:903 CONSOLE/(14358:14358): COPY
[INFO] 22:51:18:903 CONSOLE/(14358:14358):  10
[INFO] 22:51:18:903 CONSOLE/(14358:14358):  11
[INFO] 22:51:18:903 CONSOLE/(14358:14358): READ
[INFO] 22:51:18:903 CONSOLE/(14358:14358):  3
[INFO] 22:51:18:903 CONSOLE/(14358:14358): EXIT
[INFO] 22:53:52:774 CONSOLE/(14491:14491): IP value is: 127.0.0.1
Port value is: 8000 

[INFO] 22:53:52:774 CONSOLE/(14491:14491): Size: 6

[INFO] 22:53:52:774 CONSOLE/(14491:14491): Instructions:

[INFO] 22:53:52:774 CONSOLE/(14491:14491): COPY
[INFO] 22:53:52:774 CONSOLE/(14491:14491):  10
[INFO] 22:53:52:774 CONSOLE/(14491:14491):  11
[INFO] 22:53:52:774 CONSOLE/(14491:14491): READ
[INFO] 22:53:52:774 CONSOLE/(14491:14491):  3
[INFO] 22:53:52:774 CONSOLE/(14491:14491): EXIT
[INFO] 00:04:42:124 CONSOLE/(15865:15865): IP value is: 127.0.0.1
Port value is: 8000 

[INFO] 00:04:42:124 CONSOLE/(15865:15865): Size: 6

[INFO] 00:04:42:124 CONSOLE/(15865:15865): Instructions:

[INFO] 00:04:42:124 CONSOLE/(15865:15865): COPY
[INFO] 00:04:42:124 CONSOLE/(15865:15865):  10
[INFO] 00:04:42:124 CONSOLE/(15865:15865):  11
[INFO] 00:04:42:124 CONSOLE/(15865:15865): READ
[INFO] 00:04:42:124 CONSOLE/(15865:15865):  3
[INFO] 00:04:42:124 CONSOLE/(15865:15865): EXIT
[INFO] 00:04:51:619 CONSOLE/(15879:15879): IP value is: 127.0.0.1
Port value is: 8000 

[INFO] 00:04:51:619 CONSOLE/(15879:15879): Size: 6

[INFO] 00:04:51:619 CONSOLE/(15879:15879): Instructions:

[INFO] 00:04:51:619 CONSOLE/(15879:15879): COPY
[INFO] 00:04:51:619 CONSOLE/(15879:15879):  10
[INFO] 00:04:51:619 CONSOLE/(15879:15879):  11
[INFO] 00:04:51:619 CONSOLE/(15879:15879): READ
[INFO] 00:04:51:619 CONSOLE/(15879:15879):  3
[INFO] 00:04:51:619 CONSOLE/(15879:15879): EXIT
[INFO] 00:05:06:830 CONSOLE/(15893:15893): IP value is: 127.0.0.1
Port value is: 8000 

[INFO] 00:05:06:830 CONSOLE/(15893:15893): Size: 6

[INFO] 00:05:06:830 CONSOLE/(15893:15893): Instructions:

[INFO] 00:05:06:830 CONSOLE/(15893:15893): COPY
[INFO] 00:05:06:830 CONSOLE/(15893:15893):  10
[INFO] 00:05:06:830 CONSOLE/(15893:15893):  11
[INFO] 00:05:06:830 CONSOLE/(15893:15893): READ
[INFO] 00:05:06:830 CONSOLE/(15893:15893):  3
[INFO] 00:05:06:830 CONSOLE/(15893:15893): EXIT
[INFO] 00:06:12:822 CONSOLE/(15936:15936): IP value is: 127.0.0.1
Port value is: 8000 

[INFO] 00:06:12:822 CONSOLE/(15936:15936): Size: 6

[INFO] 00:06:12:823 CONSOLE/(15936:15936): Instructions:

[INFO] 00:06:12:823 CONSOLE/(15936:15936): COPY
[INFO] 00:06:12:823 CONSOLE/(15936:15936):  10
[INFO] 00:06:12:823 CONSOLE/(15936:15936):  11
[INFO] 00:06:12:823 CONSOLE/(15936:15936): READ
[INFO] 00:06:12:823 CONSOLE/(15936:15936):  3
[INFO] 00:06:12:823 CONSOLE/(15936:15936): EXIT
[INFO] 03:23:06:795 CONSOLE/(16875:16875): IP value is: 127.0.0.1
Port value is: 8000 

[INFO] 03:23:06:796 CONSOLE/(16875:16875): Size: 6

[INFO] 03:23:06:796 CONSOLE/(16875:16875): Instructions:

[INFO] 03:23:06:796 CONSOLE/(16875:16875): COPY
[INFO] 03:23:06:796 CONSOLE/(16875:16875):  10
[INFO] 03:23:06:796 CONSOLE/(16875:16875):  11
[INFO] 03:23:06:796 CONSOLE/(16875:16875): READ
[INFO] 03:23:06:796 CONSOLE/(16875:16875):  3
[INFO] 03:23:06:796 CONSOLE/(16875:16875): EXIT
[INFO] 03:23:32:107 CONSOLE/(294992:294992): IP value is: 127.0.0.1
Port value is: 8000 

[INFO] 03:23:32:107 CONSOLE/(294992:294992): Size: 6

[INFO] 03:23:32:107 CONSOLE/(294992:294992): Instructions:

[INFO] 03:23:32:107 CONSOLE/(294992:294992): COPY
[INFO] 03:23:32:107 CONSOLE/(294992:294992):  10
[INFO] 03:23:32:107 CONSOLE/(294992:294992):  11
[INFO] 03:23:32:107 CONSOLE/(294992:294992): READ
[INFO] 03:23:32:107 CONSOLE/(294992:294992):  3
[INFO] 03:23:32:107 CONSOLE/(294992:294992): EXIT
[INFO] 03:23:42:858 CONSOLE/(295002:295002): IP value is: 127.0.0.1
Port value is: 8000 

[INFO] 03:23:42:858 CONSOLE/(295002:295002): Size: 6

[INFO] 03:23:42:858 CONSOLE/(295002:295002): Instructions:

[INFO] 03:23:42:858 CONSOLE/(295002:295002): COPY
[INFO] 03:23:42:858 CONSOLE/(295002:295002):  10
[INFO] 03:23:42:858 CONSOLE/(295002:295002):  11
[INFO] 03:23:42:858 CONSOLE/(295002:295002): READ
[INFO] 03:23:42:858 CONSOLE/(295002:295002):  3
[INFO] 03:23:42:858 CONSOLE/(295002:295002): EXIT
[INFO] 03:23:53:568 CONSOLE/(295014:295014): IP value is: 127.0.0.1
Port value is: 8000 

[INFO] 03:23:53:568 CONSOLE/(295014:295014): Size: 6

[INFO] 03:23:53:568 CONSOLE/(295014:295014): Instructions:

[INFO] 03:23:53:568 CONSOLE/(295014:295014): COPY
[INFO] 03:23:53:568 CONSOLE/(295014:295014):  10
[INFO] 03:23:53:568 CONSOLE/(295014:295014):  11
[INFO] 03:23:53:568 CONSOLE/(295014:295014): READ
[INFO] 03:23:53:568 CONSOLE/(295014:295014):  3
[INFO] 03:23:53:568 CONSOLE/(295014:295014): EXIT
[INFO] 03:25:11:877 CONSOLE/(295046:295046): IP value is: 127.0.0.1
Port value is: 8000 

[INFO] 03:25:11:877 CONSOLE/(295046:295046): Size: 6

[INFO] 03:25:11:877 CONSOLE/(295046:295046): Instructions:

[INFO] 03:25:11:878 CONSOLE/(295046:295046): COPY
[INFO] 03:25:11:878 CONSOLE/(295046:295046):  10
[INFO] 03:25:11:878 CONSOLE/(295046:295046):  11
[INFO] 03:25:11:878 CONSOLE/(295046:295046): READ
[INFO] 03:25:11:878 CONSOLE/(295046:295046):  3
[INFO] 03:25:11:878 CONSOLE/(295046:295046): EXIT
[INFO] 03:25:59:447 CONSOLE/(295103:295103): IP value is: 127.0.0.1
Port value is: 8000 

[INFO] 03:25:59:447 CONSOLE/(295103:295103): Size: 6

[INFO] 03:25:59:447 CONSOLE/(295103:295103): Instructions:

[INFO] 03:25:59:447 CONSOLE/(295103:295103): COPY
[INFO] 03:25:59:447 CONSOLE/(295103:295103):  10
[INFO] 03:25:59:447 CONSOLE/(295103:295103):  11
[INFO] 03:25:59:447 CONSOLE/(295103:295103): READ
[INFO] 03:25:59:447 CONSOLE/(295103:295103):  3
[INFO] 03:25:59:447 CONSOLE/(295103:295103): EXIT
[INFO] 03:27:15:441 CONSOLE/(295189:295189): IP value is: 127.0.0.1
Port value is: 8000 

[INFO] 03:27:15:441 CONSOLE/(295189:295189): Size: 6

[INFO] 03:27:15:441 CONSOLE/(295189:295189): Instructions:

[INFO] 03:27:15:441 CONSOLE/(295189:295189): COPY
[INFO] 03:27:15:441 CONSOLE/(295189:295189):  10
[INFO] 03:27:15:441 CONSOLE/(295189:295189):  11
[INFO] 03:27:15:442 CONSOLE/(295189:295189): READ
[INFO] 03:27:15:442 CONSOLE/(295189:295189):  3
[INFO] 03:27:15:442 CONSOLE/(295189:295189): EXIT
[INFO] 03:28:36:722 CONSOLE/(295237:295237): IP value is: 127.0.0.1
Port value is: 8000 

[INFO] 03:28:36:722 CONSOLE/(295237:295237): Size: 6

[INFO] 03:28:36:722 CONSOLE/(295237:295237): Instructions:

[INFO] 03:28:36:722 CONSOLE/(295237:295237): COPY
[INFO] 03:28:36:722 CONSOLE/(295237:295237):  10
[INFO] 03:28:36:722 CONSOLE/(295237:295237):  11
[INFO] 03:28:36:722 CONSOLE/(295237:295237): READ
[INFO] 03:28:36:722 CONSOLE/(295237:295237):  3
[INFO] 03:28:36:722 CONSOLE/(295237:295237): EXIT
[INFO] 03:33:41:868 CONSOLE/(295424:295424): IP value is: 127.0.0.1
Port value is: 8000 

[INFO] 03:33:41:868 CONSOLE/(295424:295424): Size: 6

[INFO] 03:33:41:868 CONSOLE/(295424:295424): Instructions:

[INFO] 03:33:41:868 CONSOLE/(295424:295424): COPY
[INFO] 03:33:41:868 CONSOLE/(295424:295424):  10
[INFO] 03:33:41:868 CONSOLE/(295424:295424):  11
[INFO] 03:33:41:868 CONSOLE/(295424:295424): READ
[INFO] 03:33:41:868 CONSOLE/(295424:295424):  3
[INFO] 03:33:41:868 CONSOLE/(295424:295424): EXIT
[INFO] 03:33:52:254 CONSOLE/(295436:295436): IP value is: 127.0.0.1
Port value is: 8000 

[INFO] 03:33:52:254 CONSOLE/(295436:295436): Size: 6

[INFO] 03:33:52:254 CONSOLE/(295436:295436): Instructions:

[INFO] 03:33:52:254 CONSOLE/(295436:295436): COPY
[INFO] 03:33:52:254 CONSOLE/(295436:295436):  10
[INFO] 03:33:52:254 CONSOLE/(295436:295436):  11
[INFO] 03:33:52:254 CONSOLE/(295436:295436): READ
[INFO] 03:33:52:254 CONSOLE/(295436:295436):  3
[INFO] 03:33:52:254 CONSOLE/(295436:295436): EXIT
[INFO] 03:34:00:218 CONSOLE/(295447:295447): IP value is: 127.0.0.1
Port value is: 8000 

[INFO] 03:34:00:218 CONSOLE/(295447:295447): Size: 6

[INFO] 03:34:00:218 CONSOLE/(295447:295447): Instructions:

[INFO] 03:34:00:218 CONSOLE/(295447:295447): COPY
[INFO] 03:34:00:218 CONSOLE/(295447:295447):  10
[INFO] 03:34:00:218 CONSOLE/(295447:295447):  11
[INFO] 03:34:00:218 CONSOLE/(295447:295447): READ
[INFO] 03:34:00:218 CONSOLE/(295447:295447):  3
[INFO] 03:34:00:218 CONSOLE/(295447:295447): EXIT
[INFO] 03:41:04:656 CONSOLE/(295666:295666): IP value is: 127.0.0.1
Port value is: 8000 

[INFO] 03:41:04:656 CONSOLE/(295666:295666): Size: 6

[INFO] 03:41:04:656 CONSOLE/(295666:295666): Instructions:

[INFO] 03:41:04:656 CONSOLE/(295666:295666): COPY
[INFO] 03:41:04:656 CONSOLE/(295666:295666):  10
[INFO] 03:41:04:656 CONSOLE/(295666:295666):  11
[INFO] 03:41:04:656 CONSOLE/(295666:295666): READ
[INFO] 03:41:04:656 CONSOLE/(295666:295666):  3
[INFO] 03:41:04:656 CONSOLE/(295666:295666): EXIT
[INFO] 03:42:16:392 CONSOLE/(296046:296046): IP value is: 127.0.0.1
Port value is: 8000 

[INFO] 03:42:16:392 CONSOLE/(296046:296046): Size: 5

[INFO] 03:42:16:392 CONSOLE/(296046:296046): Instructions:

[INFO] 03:42:16:392 CONSOLE/(296046:296046): COPY
[INFO] 03:42:16:392 CONSOLE/(296046:296046):  10
[INFO] 03:42:16:392 CONSOLE/(296046:296046):  11
[INFO] 03:42:16:392 CONSOLE/(296046:296046): READ
[INFO] 03:42:16:392 CONSOLE/(296046:296046):  3
[INFO] 03:42:16:392 CONSOLE/(296046:296046): EXIT
[INFO] 03:42:18:364 CONSOLE/(296048:296048): IP value is: 127.0.0.1
Port value is: 8000 

[INFO] 03:42:18:364 CONSOLE/(296048:296048): Size: 6

[INFO] 03:42:18:364 CONSOLE/(296048:296048): Instructions:

[INFO] 03:42:18:364 CONSOLE/(296048:296048): COPY
[INFO] 03:42:18:364 CONSOLE/(296048:296048):  10
[INFO] 03:42:18:364 CONSOLE/(296048:296048):  11
[INFO] 03:42:18:364 CONSOLE/(296048:296048): READ
[INFO] 03:42:18:364 CONSOLE/(296048:296048):  3
[INFO] 03:42:18:364 CONSOLE/(296048:296048): EXIT
[INFO] 03:42:26:175 CONSOLE/(296050:296050): IP value is: 127.0.0.1
Port value is: 8000 

[INFO] 03:42:26:175 CONSOLE/(296050:296050): Size: 6

[INFO] 03:42:26:175 CONSOLE/(296050:296050): Instructions:

[INFO] 03:42:26:175 CONSOLE/(296050:296050): COPY
[INFO] 03:42:26:175 CONSOLE/(296050:296050):  10
[INFO] 03:42:26:175 CONSOLE/(296050:296050):  11
[INFO] 03:42:26:175 CONSOLE/(296050:296050): READ
[INFO] 03:42:26:175 CONSOLE/(296050:296050):  3
[INFO] 03:42:26:175 CONSOLE/(296050:296050): EXIT
[INFO] 03:42:27:599 CONSOLE/(296051:296051): IP value is: 127.0.0.1
Port value is: 8000 

[INFO] 03:42:27:599 CONSOLE/(296051:296051): Size: 5

[INFO] 03:42:27:601 CONSOLE/(296051:296051): Instructions:

[INFO] 03:42:27:601 CONSOLE/(296051:296051): COPY
[INFO] 03:42:27:601 CONSOLE/(296051:296051):  10
[INFO] 03:42:27:601 CONSOLE/(296051:296051):  11
[INFO] 03:42:27:601 CONSOLE/(296051:296051): READ
[INFO] 03:42:27:601 CONSOLE/(296051:296051):  3
[INFO] 03:42:27:601 CONSOLE/(296051:296051): EXIT
[INFO] 03:43:14:423 CONSOLE/(296103:296103): IP value is: 127.0.0.1
Port value is: 8000 

[INFO] 03:43:14:423 CONSOLE/(296103:296103): Size: 5

[INFO] 03:43:14:423 CONSOLE/(296103:296103): Instructions:

[INFO] 03:43:14:423 CONSOLE/(296103:296103): COPY
[INFO] 03:43:14:423 CONSOLE/(296103:296103):  10
[INFO] 03:43:14:423 CONSOLE/(296103:296103):  11
[INFO] 03:43:14:423 CONSOLE/(296103:296103): READ
[INFO] 03:43:14:424 CONSOLE/(296103:296103):  3
[INFO] 03:43:14:424 CONSOLE/(296103:296103): EXIT
[INFO] 03:43:15:600 CONSOLE/(296106:296106): IP value is: 127.0.0.1
Port value is: 8000 

[INFO] 03:43:15:600 CONSOLE/(296106:296106): Size: 6

[INFO] 03:43:15:600 CONSOLE/(296106:296106): Instructions:

[INFO] 03:43:15:600 CONSOLE/(296106:296106): COPY
[INFO] 03:43:15:600 CONSOLE/(296106:296106):  10
[INFO] 03:43:15:600 CONSOLE/(296106:296106):  11
[INFO] 03:43:15:600 CONSOLE/(296106:296106): READ
[INFO] 03:43:15:600 CONSOLE/(296106:296106):  3
[INFO] 03:43:15:600 CONSOLE/(296106:296106): EXIT
[INFO] 03:43:25:777 CONSOLE/(296108:296108): IP value is: 127.0.0.1
Port value is: 8000 

[INFO] 03:43:25:777 CONSOLE/(296108:296108): Size: 6

[INFO] 03:43:25:777 CONSOLE/(296108:296108): Instructions:

[INFO] 03:43:25:777 CONSOLE/(296108:296108): COPY
[INFO] 03:43:25:777 CONSOLE/(296108:296108):  10
[INFO] 03:43:25:777 CONSOLE/(296108:296108):  11
[INFO] 03:43:25:777 CONSOLE/(296108:296108): READ
[INFO] 03:43:25:777 CONSOLE/(296108:296108):  3
[INFO] 03:43:25:777 CONSOLE/(296108:296108): EXIT
[INFO] 03:43:26:013 CONSOLE/(296110:296110): IP value is: 127.0.0.1
Port value is: 8000 

[INFO] 03:43:26:013 CONSOLE/(296110:296110): Size: 5

[INFO] 03:43:26:013 CONSOLE/(296110:296110): Instructions:

[INFO] 03:43:26:013 CONSOLE/(296110:296110): COPY
[INFO] 03:43:26:013 CONSOLE/(296110:296110):  10
[INFO] 03:43:26:013 CONSOLE/(296110:296110):  11
[INFO] 03:43:26:013 CONSOLE/(296110:296110): READ
[INFO] 03:43:26:013 CONSOLE/(296110:296110):  3
[INFO] 03:43:26:013 CONSOLE/(296110:296110): EXIT
[INFO] 03:45:33:776 CONSOLE/(296228:296228): IP value is: 127.0.0.1
Port value is: 8000 

[INFO] 03:45:33:776 CONSOLE/(296228:296228): Size: 6

[INFO] 03:45:33:776 CONSOLE/(296228:296228): Instructions:

[INFO] 03:45:33:776 CONSOLE/(296228:296228): COPY
[INFO] 03:45:33:777 CONSOLE/(296228:296228):  10
[INFO] 03:45:33:777 CONSOLE/(296228:296228):  11
[INFO] 03:45:33:777 CONSOLE/(296228:296228): READ
[INFO] 03:45:33:777 CONSOLE/(296228:296228):  3
[INFO] 03:45:33:778 CONSOLE/(296228:296228): EXIT
[INFO] 03:57:58:018 CONSOLE/(296611:296611): IP value is: 127.0.0.1
Port value is: 8000 

[INFO] 03:57:58:018 CONSOLE/(296611:296611): Size: 6

[INFO] 03:57:58:018 CONSOLE/(296611:296611): Instructions:

[INFO] 03:58:46:675 CONSOLE/(296663:296663): IP value is: 127.0.0.1
Port value is: 8000 

[INFO] 03:58:46:675 CONSOLE/(296663:296663): Size: 6

[INFO] 03:58:46:675 CONSOLE/(296663:296663): Instructions:

[INFO] 03:58:46:675 CONSOLE/(296663:296663): 70237984
[INFO] 04:00:29:986 CONSOLE/(296723:296723): IP value is: 127.0.0.1
Port value is: 8000 

[INFO] 04:00:29:986 CONSOLE/(296723:296723): Size: 6

[INFO] 04:00:29:987 CONSOLE/(296723:296723): Instructions:

[INFO] 04:00:29:987 CONSOLE/(296723:296723): 312856352
[INFO] 04:01:06:967 CONSOLE/(296765:296765): IP value is: 127.0.0.1
Port value is: 8000 

[INFO] 04:01:06:967 CONSOLE/(296765:296765): Size: 6

[INFO] 04:01:06:967 CONSOLE/(296765:296765): Instructions:

[INFO] 04:01:06:967 CONSOLE/(296765:296765): -267141344
[INFO] 04:01:06:967 CONSOLE/(296765:296765): 43690
[INFO] 04:01:06:967 CONSOLE/(296765:296765): 2
[INFO] 04:01:06:967 CONSOLE/(296765:296765): 65535
[INFO] 04:01:06:967 CONSOLE/(296765:296765): COPY-26714134443690265535
[INFO] 04:01:06:967 CONSOLE/(296765:296765): -267141056
[INFO] 04:01:06:967 CONSOLE/(296765:296765): 43690
[INFO] 04:01:06:967 CONSOLE/(296765:296765): 1
[INFO] 04:01:06:967 CONSOLE/(296765:296765): 65535
[INFO] 04:01:06:967 CONSOLE/(296765:296765): READ-26714105643690165535
[INFO] 04:01:06:967 CONSOLE/(296765:296765): EXIT
[INFO] 04:01:29:591 CONSOLE/(296779:296779): IP value is: 127.0.0.1
Port value is: 8000 

[INFO] 04:01:29:592 CONSOLE/(296779:296779): Size: 6

[INFO] 04:01:29:592 CONSOLE/(296779:296779): Instructions:

[INFO] 04:01:29:592 CONSOLE/(296779:296779): -142385376
[INFO] 04:01:29:592 CONSOLE/(296779:296779): 43690
[INFO] 04:01:29:592 CONSOLE/(296779:296779): 2
[INFO] 04:01:29:592 CONSOLE/(296779:296779): 65535
[INFO] 04:01:29:592 CONSOLE/(296779:296779): COPY-14238537643690265535
[INFO] 04:01:29:592 CONSOLE/(296779:296779): -142385088
[INFO] 04:01:29:592 CONSOLE/(296779:296779): 43690
[INFO] 04:01:29:592 CONSOLE/(296779:296779): 1
[INFO] 04:01:29:592 CONSOLE/(296779:296779): 65535
[INFO] 04:01:29:592 CONSOLE/(296779:296779): READ-14238508843690165535
[INFO] 04:01:29:592 CONSOLE/(296779:296779): EXIT
[INFO] 04:03:18:625 CONSOLE/(296826:296826): IP value is: 127.0.0.1
Port value is: 8000 

[INFO] 04:03:18:626 CONSOLE/(296826:296826): Size: 6

[INFO] 04:03:18:626 CONSOLE/(296826:296826): Instructions:

[INFO] 04:03:18:626 CONSOLE/(296826:296826): -64348384
[INFO] 04:03:18:626 CONSOLE/(296826:296826): 43690
[INFO] 04:03:18:626 CONSOLE/(296826:296826): 2
[INFO] 04:03:18:626 CONSOLE/(296826:296826): 65535
[INFO] 04:03:18:626 CONSOLE/(296826:296826): COPY-6434838443690265535
[INFO] 04:03:18:626 CONSOLE/(296826:296826): -64348096
[INFO] 04:03:18:626 CONSOLE/(296826:296826): 43690
[INFO] 04:03:18:626 CONSOLE/(296826:296826): 1
[INFO] 04:03:18:626 CONSOLE/(296826:296826): 65535
[INFO] 04:03:18:626 CONSOLE/(296826:296826): READ-6434809643690165535
[INFO] 04:03:18:626 CONSOLE/(296826:296826): EXIT
[INFO] 04:04:01:451 CONSOLE/(296886:296886): IP value is: 127.0.0.1
Port value is: 8000 

[INFO] 04:04:01:451 CONSOLE/(296886:296886): Size: 6

[INFO] 04:04:01:451 CONSOLE/(296886:296886): Instructions:

[INFO] 04:04:10:170 CONSOLE/(296916:296916): IP value is: 127.0.0.1
Port value is: 8000 

[INFO] 04:04:10:170 CONSOLE/(296916:296916): Size: 6

[INFO] 04:04:10:170 CONSOLE/(296916:296916): Instructions:

[INFO] 04:04:55:456 CONSOLE/(296951:296951): IP value is: 127.0.0.1
Port value is: 8000 

[INFO] 04:04:55:456 CONSOLE/(296951:296951): Size: 6

[INFO] 04:04:55:456 CONSOLE/(296951:296951): Instructions:

[INFO] 04:06:59:299 CONSOLE/(297085:297085): IP value is: 127.0.0.1
Port value is: 8000 

[INFO] 04:06:59:299 CONSOLE/(297085:297085): Size: 6

[INFO] 04:06:59:299 CONSOLE/(297085:297085): Instructions:

[INFO] 04:06:59:299 CONSOLE/(297085:297085): COPY
[INFO] 04:07:18:674 CONSOLE/(297120:297120): IP value is: 127.0.0.1
Port value is: 8000 

[INFO] 04:07:18:674 CONSOLE/(297120:297120): Size: 6

[INFO] 04:07:18:674 CONSOLE/(297120:297120): Instructions:

[INFO] 04:07:18:674 CONSOLE/(297120:297120): COPY
[INFO] 04:07:54:593 CONSOLE/(297156:297156): IP value is: 127.0.0.1
Port value is: 8000 

[INFO] 04:07:54:593 CONSOLE/(297156:297156): Size: 6

[INFO] 04:07:54:593 CONSOLE/(297156:297156): Instructions:

[INFO] 04:07:54:593 CONSOLE/(297156:297156): COPY
[INFO] 04:08:42:263 CONSOLE/(297217:297217): IP value is: 127.0.0.1
Port value is: 8000 

[INFO] 04:08:42:263 CONSOLE/(297217:297217): Size: 6

[INFO] 04:08:42:263 CONSOLE/(297217:297217): Instructions:

[INFO] 04:08:42:263 CONSOLE/(297217:297217): COPY
[INFO] 04:11:39:390 CONSOLE/(297277:297277): IP value is: 127.0.0.1
Port value is: 8000 

[INFO] 04:11:39:391 CONSOLE/(297277:297277): Size: 6

[INFO] 04:11:39:391 CONSOLE/(297277:297277): Instructions:

[INFO] 04:11:39:391 CONSOLE/(297277:297277): COPY
[INFO] 04:11:39:391 CONSOLE/(297277:297277):  10
[INFO] 04:11:39:391 CONSOLE/(297277:297277):  11
[INFO] 04:11:39:391 CONSOLE/(297277:297277): READ
[INFO] 04:11:39:391 CONSOLE/(297277:297277):  3
[INFO] 04:11:39:391 CONSOLE/(297277:297277): EXIT
[INFO] 04:12:14:972 CONSOLE/(297302:297302): IP value is: 127.0.0.1
Port value is: 8000 

[INFO] 04:12:14:972 CONSOLE/(297302:297302): Size: 6

[INFO] 04:12:14:972 CONSOLE/(297302:297302): Instructions:

[INFO] 04:12:14:972 CONSOLE/(297302:297302): COPY
[INFO] 04:12:14:972 CONSOLE/(297302:297302):  10
[INFO] 04:12:14:972 CONSOLE/(297302:297302):  11
[INFO] 04:12:14:972 CONSOLE/(297302:297302): READ
[INFO] 04:12:14:972 CONSOLE/(297302:297302):  3
[INFO] 04:12:14:972 CONSOLE/(297302:297302): EXIT
[INFO] 03:33:14:450 CONSOLE/(12151:12151): IP value is: 127.0.0.1
Port value is: 8000 

[INFO] 03:33:14:451 CONSOLE/(12151:12151): Size: 6

[INFO] 03:33:14:451 CONSOLE/(12151:12151): Instructions:

[INFO] 03:33:14:451 CONSOLE/(12151:12151): COPY
[INFO] 03:33:14:451 CONSOLE/(12151:12151):  10
[INFO] 03:33:14:451 CONSOLE/(12151:12151):  11
[INFO] 03:33:14:451 CONSOLE/(12151:12151): READ
[INFO] 03:33:14:451 CONSOLE/(12151:12151):  3
[INFO] 03:33:14:451 CONSOLE/(12151:12151): EXIT
